[debug] > Exec(early(addDefaultCommands), None, None)
[debug] > Exec(addDefaultCommands, None, None)
[debug] > Exec(early(initialize), None, None)
[debug] > Exec(initialize, None, None)
[debug] > Exec(early(addPluginSbtFile="""C:\Users\KRyzhov\AppData\Local\Temp\idea.sbt"""), None, None)
[debug] > Exec(addPluginSbtFile="""C:\Users\KRyzhov\AppData\Local\Temp\idea.sbt""", None, None)
[debug] > Exec(boot, None, None)
[debug] > Exec(writeSbtVersion, None, None)
[debug] > Exec(reload, None, None)
[debug] > Exec(sbtStashOnFailure, None, None)
[debug] > Exec(onFailure loadFailed, None, None)
[debug] > Exec(loadp, None, None)
[info] welcome to sbt 1.5.2 (Oracle Corporation Java 1.8.0_311)
[debug]       Load.loadUnit: plugins took 86.3958ms
[debug]       Load.loadUnit: defsScala took 0.2653ms
[debug] [Loading] Scanning directory C:\Users\KRyzhov\.sbt\1.0\plugins
[debug] [Loading] Found non-root projects 
[debug] [Loading] Done in C:\Users\KRyzhov\.sbt\1.0\plugins, returning: ()
[debug] deducing auto plugins based on known facts Set(Atom(sbt.plugins.CorePlugin)) and clauses Clauses(Clause(Atom(sbt.plugins.JvmPlugin),Set(Atom(sbt.plugins.IvyPlugin)))
[debug] Clause(Atom(sbt.ScriptedPlugin),Set(Atom(sbt.plugins.JvmPlugin)))
[debug] Clause(Atom(sbt.plugins.SbtPlugin),Set(Atom(sbt.ScriptedPlugin)))
[debug] Clause(Atom(sbt.plugins.SemanticdbPlugin),Set(Atom(sbt.plugins.JvmPlugin)))
[debug] Clause(Atom(sbt.plugins.JUnitXmlReportPlugin),Set(Atom(sbt.plugins.JvmPlugin)))
[debug] Clause(Atom(sbt.plugins.MiniDependencyTreePlugin),Set(Atom(sbt.plugins.JvmPlugin)))
[debug] Clause(Atom(sbt.plugins.CorePlugin),Set(Atom(sbt.plugins.IvyPlugin)))
[debug] Clause(Atom(sbt.plugins.IvyPlugin),Set(Atom(sbt.plugins.JvmPlugin)))
[debug] Clause(Atom(sbt.plugins.JvmPlugin),Set(Atom(sbt.plugins.SemanticdbPlugin)))
[debug] Clause(Atom(sbt.plugins.JvmPlugin),Set(Atom(sbt.plugins.JUnitXmlReportPlugin)))
[debug] Clause(Atom(sbt.plugins.CorePlugin),Set(Atom(sbt.plugins.Giter8TemplatePlugin)))
[debug] Clause(Atom(sbt.plugins.JvmPlugin),Set(Atom(sbt.plugins.MiniDependencyTreePlugin))))
[debug]   :: deduced result: Matched(sbt.plugins.CorePlugin,sbt.plugins.Giter8TemplatePlugin,sbt.plugins.IvyPlugin,sbt.plugins.JvmPlugin,sbt.plugins.MiniDependencyTreePlugin,sbt.plugins.JUnitXmlReportPlugin,sbt.plugins.SemanticdbPlugin)
[debug] Plugins.deducer#function took 14.3383 ms
[debug]           Load.resolveProject(global-plugins) took 40.7909ms
[debug]         Load.loadTransitive: finalizeProject(Project(id global-plugins, base: C:\Users\KRyzhov\.sbt\1.0\plugins, plugins: List(<none>))) took 79.3312ms
[debug] [Loading] Done in C:\Users\KRyzhov\.sbt\1.0\plugins, returning: (global-plugins)
[debug]       Load.loadUnit: loadedProjectsRaw took 100.1496ms
[debug]       Load.loadUnit: cleanEvalClasses took 0.2303ms
[debug]     Load.loadUnit(file:/C:/Users/KRyzhov/.sbt/1.0/plugins/, ...) took 194.7883ms
[debug]   Load.apply: load took 339.9852ms
[debug]   Load.apply: resolveProjects took 5.4899ms
[debug]   Load.apply: finalTransforms took 48.4551ms
[debug]   Load.apply: config.delegates took 6.4794ms
[debug]   Load.apply: Def.make(settings)... took 323.9242ms
[debug]   Load.apply: structureIndex took 77.3472ms
[debug]   Load.apply: mkStreams took 1.3993ms
[info] loading global plugins from C:\Users\KRyzhov\.sbt\1.0\plugins
[debug] Running task... Cancel: Signal, check cycles: false, forcegc: true
[debug] Load.defaultLoad until apply took 2317.6978ms
[debug]           Load.loadUnit: plugins took 28.2229ms
[debug]           Load.loadUnit: defsScala took 0.0027ms
[debug] [Loading] Scanning directory C:\Users\KRyzhov\IdeaProjects\test\project
[debug]             Load.loadUnit: mkEval took 6.7174ms
[debug] [Loading] Found non-root projects 
[debug] [Loading] Done in C:\Users\KRyzhov\IdeaProjects\test\project, returning: ()
[debug] deducing auto plugins based on known facts Set(Atom(sbt.plugins.CorePlugin)) and clauses Clauses(Clause(Atom(sbt.plugins.JvmPlugin),Set(Atom(sbt.plugins.IvyPlugin)))
[debug] Clause(Atom(sbt.ScriptedPlugin),Set(Atom(sbt.plugins.JvmPlugin)))
[debug] Clause(Atom(sbt.plugins.SbtPlugin),Set(Atom(sbt.ScriptedPlugin)))
[debug] Clause(Atom(sbt.plugins.SemanticdbPlugin),Set(Atom(sbt.plugins.JvmPlugin)))
[debug] Clause(Atom(sbt.plugins.JUnitXmlReportPlugin),Set(Atom(sbt.plugins.JvmPlugin)))
[debug] Clause(Atom(sbt.plugins.MiniDependencyTreePlugin),Set(Atom(sbt.plugins.JvmPlugin)))
[debug] Clause(Atom(sbt.plugins.CorePlugin),Set(Atom(sbt.plugins.IvyPlugin)))
[debug] Clause(Atom(sbt.plugins.IvyPlugin),Set(Atom(sbt.plugins.JvmPlugin)))
[debug] Clause(Atom(sbt.plugins.JvmPlugin),Set(Atom(sbt.plugins.SemanticdbPlugin)))
[debug] Clause(Atom(sbt.plugins.JvmPlugin),Set(Atom(sbt.plugins.JUnitXmlReportPlugin)))
[debug] Clause(Atom(sbt.plugins.CorePlugin),Set(Atom(sbt.plugins.Giter8TemplatePlugin)))
[debug] Clause(Atom(sbt.plugins.JvmPlugin),Set(Atom(sbt.plugins.MiniDependencyTreePlugin))))
[debug]   :: deduced result: Matched(sbt.plugins.CorePlugin,sbt.plugins.Giter8TemplatePlugin,sbt.plugins.IvyPlugin,sbt.plugins.JvmPlugin,sbt.plugins.MiniDependencyTreePlugin,sbt.plugins.JUnitXmlReportPlugin,sbt.plugins.SemanticdbPlugin)
[debug] Plugins.deducer#function took 1.8758 ms
[info] loading settings for project test-build from idea.sbt ...
[debug]               Load.resolveProject(test-build) took 4.0402ms
[debug]             Load.loadTransitive: finalizeProject(Project(id test-build, base: C:\Users\KRyzhov\IdeaProjects\test\project, plugins: List(<none>))) took 6.6254ms
[debug] [Loading] Done in C:\Users\KRyzhov\IdeaProjects\test\project, returning: (test-build)
[debug]           Load.loadUnit: loadedProjectsRaw took 125.3833ms
[debug]           Load.loadUnit: cleanEvalClasses took 16.1819ms
[debug]         Load.loadUnit(file:/C:/Users/KRyzhov/IdeaProjects/test/project/, ...) took 171.0129ms
[debug]       Load.apply: load took 172.7458ms
[debug]       Load.apply: resolveProjects took 0.1245ms
[debug]       Load.apply: finalTransforms took 6.9669ms
[debug]       Load.apply: config.delegates took 0.3916ms
[debug]       Load.apply: Def.make(settings)... took 69.8526ms
[debug]       Load.apply: structureIndex took 18.6022ms
[debug]       Load.apply: mkStreams took 0.0026ms
[info] loading project definition from C:\Users\KRyzhov\IdeaProjects\test\project
[debug] Running task... Cancel: Signal, check cycles: false, forcegc: true
[debug]     Load.loadUnit: plugins took 558.8556ms
[debug]     Load.loadUnit: defsScala took 0.0019ms
[debug] [Loading] Scanning directory C:\Users\KRyzhov\IdeaProjects\test
[debug]       Load.loadUnit: mkEval took 0.3795ms
[debug] [Loading] Found non-root projects 
[debug] [Loading] Done in C:\Users\KRyzhov\IdeaProjects\test, returning: ()
[debug] deducing auto plugins based on known facts Set(Atom(sbt.plugins.CorePlugin)) and clauses Clauses(Clause(Atom(sbt.plugins.JvmPlugin),Set(Atom(sbt.plugins.IvyPlugin)))
[debug] Clause(Atom(sbt.ScriptedPlugin),Set(Atom(sbt.plugins.JvmPlugin)))
[debug] Clause(Atom(sbt.plugins.SbtPlugin),Set(Atom(sbt.ScriptedPlugin)))
[debug] Clause(Atom(sbt.plugins.SemanticdbPlugin),Set(Atom(sbt.plugins.JvmPlugin)))
[debug] Clause(Atom(sbt.plugins.JUnitXmlReportPlugin),Set(Atom(sbt.plugins.JvmPlugin)))
[debug] Clause(Atom(sbt.plugins.MiniDependencyTreePlugin),Set(Atom(sbt.plugins.JvmPlugin)))
[debug] Clause(Atom(org.jetbrains.sbt.StructurePlugin),Set(Atom(sbt.plugins.JvmPlugin)))
[debug] Clause(Atom(org.jetbrains.sbt.IdeaShellPlugin),Set(Atom(sbt.plugins.JvmPlugin)))
[debug] Clause(Atom(org.jetbrains.sbt.indices.SbtIntellijIndicesPlugin),Set(Atom(sbt.plugins.JvmPlugin)))
[debug] Clause(Atom(sbt.plugins.CorePlugin),Set(Atom(sbt.plugins.IvyPlugin)))
[debug] Clause(Atom(sbt.plugins.IvyPlugin),Set(Atom(sbt.plugins.JvmPlugin)))
[debug] Clause(Atom(sbt.plugins.JvmPlugin),Set(Atom(sbt.plugins.SemanticdbPlugin)))
[debug] Clause(Atom(sbt.plugins.JvmPlugin),Set(Atom(sbt.plugins.JUnitXmlReportPlugin)))
[debug] Clause(Atom(sbt.plugins.CorePlugin),Set(Atom(sbt.plugins.Giter8TemplatePlugin)))
[debug] Clause(Atom(sbt.plugins.JvmPlugin),Set(Atom(sbt.plugins.MiniDependencyTreePlugin)))
[debug] Clause(Atom(sbt.plugins.JvmPlugin),Set(Atom(org.jetbrains.sbt.StructurePlugin)))
[debug] Clause(Atom(sbt.plugins.JvmPlugin),Set(Atom(org.jetbrains.sbt.IdeaShellPlugin)))
[debug] Clause(And(Set(Atom(sbt.plugins.CorePlugin), Atom(sbt.plugins.JvmPlugin))),Set(Atom(org.jetbrains.sbt.indices.SbtIntellijIndicesPlugin))))
[debug]   :: deduced result: Matched(sbt.plugins.CorePlugin,sbt.plugins.Giter8TemplatePlugin,sbt.plugins.IvyPlugin,sbt.plugins.JvmPlugin,sbt.plugins.SemanticdbPlugin,org.jetbrains.sbt.indices.SbtIntellijIndicesPlugin,sbt.plugins.JUnitXmlReportPlugin,org.jetbrains.sbt.IdeaShellPlugin,org.jetbrains.sbt.StructurePlugin,sbt.plugins.MiniDependencyTreePlugin)
[debug] Plugins.deducer#function took 2.7347 ms
[info] loading settings for project test from build.sbt,plugin.sbt ...
[debug]         Load.resolveProject(test) took 27.4304ms
[debug]       Load.loadTransitive: finalizeProject(Project(id test, base: C:\Users\KRyzhov\IdeaProjects\test, plugins: List(<none>))) took 31.5533ms
[debug] [Loading] Done in C:\Users\KRyzhov\IdeaProjects\test, returning: (test)
[debug]     Load.loadUnit: loadedProjectsRaw took 131.2979ms
[debug]     Load.loadUnit: cleanEvalClasses took 7.0291ms
[debug]   Load.loadUnit(file:/C:/Users/KRyzhov/IdeaProjects/test/, ...) took 697.9561ms
[debug] Load.apply: load took 699.9384ms
[debug] Load.apply: resolveProjects took 0.1221ms
[debug] Load.apply: finalTransforms took 21.7225ms
[debug] Load.apply: config.delegates took 0.3454ms
[debug] Load.apply: Def.make(settings)... took 119.1975ms
[debug] Load.apply: structureIndex took 18.9687ms
[debug] Load.apply: mkStreams took 0.0024ms
[info] set current project to test (in build file:/C:/Users/KRyzhov/IdeaProjects/test/)
[debug] > Exec(sbtPopOnFailure, None, None)
[debug] > Exec(resumeFromFailure, None, None)
[debug] > Exec(notifyUsersAboutShell, None, None)
[debug] > Exec(iflast shell, None, None)
[debug] > Exec(; set ideaPort in Global := 50682 ; idea-shell, None, None)
[debug] > Exec(set ideaPort in Global := 50682, None, None)
[info] Defining Global / ideaPort
[info] The new value will be used by Compile / compile, Test / compile
[debug] Defining 
[debug] 	Global / ideaPort
[debug] 
[debug] The new value will be used by 
[debug] 	Compile / compile
[debug] 	Test / compile
[info] Reapplying settings...
[info] set current project to test (in build file:/C:/Users/KRyzhov/IdeaProjects/test/)
[debug] > Exec(idea-shell, None, None)
