[debug] > Exec(;reload; set _root_.org.jetbrains.sbt.StructureKeys.sbtStructureOptions in Global := "download resolveClassifiers resolveSbtClassifiers" ;*/*:dumpStructureTo C:/Users/KRyzhov/AppData/Local/Temp/sbt-structure.xml; session clear-all ; set ideaPort in Global := 55764, None, None)
[debug] > Exec(reload, None, None)
[debug] > Exec(sbtStashOnFailure, None, None)
[debug] > Exec(onFailure loadFailed, None, None)
[debug] > Exec(loadp, None, None)
[info] welcome to sbt 1.5.2 (Oracle Corporation Java 1.8.0_311)
[debug]       Load.loadUnit: plugins took 68.4647ms
[debug]       Load.loadUnit: defsScala took 0.0115ms
[debug] [Loading] Scanning directory C:\Users\KRyzhov\.sbt\1.0\plugins
[debug] [Loading] Found non-root projects 
[debug] [Loading] Done in C:\Users\KRyzhov\.sbt\1.0\plugins, returning: ()
[debug] deducing auto plugins based on known facts Set(Atom(sbt.plugins.CorePlugin)) and clauses Clauses(Clause(Atom(sbt.plugins.JvmPlugin),Set(Atom(sbt.plugins.IvyPlugin)))
[debug] Clause(Atom(sbt.ScriptedPlugin),Set(Atom(sbt.plugins.JvmPlugin)))
[debug] Clause(Atom(sbt.plugins.SbtPlugin),Set(Atom(sbt.ScriptedPlugin)))
[debug] Clause(Atom(sbt.plugins.SemanticdbPlugin),Set(Atom(sbt.plugins.JvmPlugin)))
[debug] Clause(Atom(sbt.plugins.JUnitXmlReportPlugin),Set(Atom(sbt.plugins.JvmPlugin)))
[debug] Clause(Atom(sbt.plugins.MiniDependencyTreePlugin),Set(Atom(sbt.plugins.JvmPlugin)))
[debug] Clause(Atom(sbt.plugins.CorePlugin),Set(Atom(sbt.plugins.IvyPlugin)))
[debug] Clause(Atom(sbt.plugins.IvyPlugin),Set(Atom(sbt.plugins.JvmPlugin)))
[debug] Clause(Atom(sbt.plugins.JvmPlugin),Set(Atom(sbt.plugins.SemanticdbPlugin)))
[debug] Clause(Atom(sbt.plugins.JvmPlugin),Set(Atom(sbt.plugins.JUnitXmlReportPlugin)))
[debug] Clause(Atom(sbt.plugins.CorePlugin),Set(Atom(sbt.plugins.Giter8TemplatePlugin)))
[debug] Clause(Atom(sbt.plugins.JvmPlugin),Set(Atom(sbt.plugins.MiniDependencyTreePlugin))))
[debug]   :: deduced result: Matched(sbt.plugins.CorePlugin,sbt.plugins.Giter8TemplatePlugin,sbt.plugins.IvyPlugin,sbt.plugins.JvmPlugin,sbt.plugins.MiniDependencyTreePlugin,sbt.plugins.JUnitXmlReportPlugin,sbt.plugins.SemanticdbPlugin)
[debug] Plugins.deducer#function took 1.329099 ms
[debug]           Load.resolveProject(global-plugins) took 1.0843ms
[debug]         Load.loadTransitive: finalizeProject(Project(id global-plugins, base: C:\Users\KRyzhov\.sbt\1.0\plugins, plugins: List(<none>))) took 2.799ms
[debug] [Loading] Done in C:\Users\KRyzhov\.sbt\1.0\plugins, returning: (global-plugins)
[debug]       Load.loadUnit: loadedProjectsRaw took 3.720901ms
[debug]       Load.loadUnit: cleanEvalClasses took 0.0075ms
[debug]     Load.loadUnit(file:/C:/Users/KRyzhov/.sbt/1.0/plugins/, ...) took 76.835101ms
[debug]   Load.apply: load took 78.2961ms
[debug]   Load.apply: resolveProjects took 0.097699ms
[debug]   Load.apply: finalTransforms took 5.4276ms
[debug]   Load.apply: config.delegates took 0.353301ms
[debug]   Load.apply: Def.make(settings)... took 306.928399ms
[debug]   Load.apply: structureIndex took 28.063299ms
[debug]   Load.apply: mkStreams took 0.003899ms
[info] loading global plugins from C:\Users\KRyzhov\.sbt\1.0\plugins
[debug] Running task... Cancel: Signal, check cycles: false, forcegc: true
[debug] Load.defaultLoad until apply took 1437.0595ms
[debug]           Load.loadUnit: plugins took 24.8192ms
[debug]           Load.loadUnit: defsScala took 0.002601ms
[debug] [Loading] Scanning directory C:\Users\KRyzhov\IdeaProjects\test\project
[debug]             Load.loadUnit: mkEval took 0.427799ms
[debug] [Loading] Found non-root projects 
[debug] [Loading] Done in C:\Users\KRyzhov\IdeaProjects\test\project, returning: ()
[debug] deducing auto plugins based on known facts Set(Atom(sbt.plugins.CorePlugin)) and clauses Clauses(Clause(Atom(sbt.plugins.JvmPlugin),Set(Atom(sbt.plugins.IvyPlugin)))
[debug] Clause(Atom(sbt.ScriptedPlugin),Set(Atom(sbt.plugins.JvmPlugin)))
[debug] Clause(Atom(sbt.plugins.SbtPlugin),Set(Atom(sbt.ScriptedPlugin)))
[debug] Clause(Atom(sbt.plugins.SemanticdbPlugin),Set(Atom(sbt.plugins.JvmPlugin)))
[debug] Clause(Atom(sbt.plugins.JUnitXmlReportPlugin),Set(Atom(sbt.plugins.JvmPlugin)))
[debug] Clause(Atom(sbt.plugins.MiniDependencyTreePlugin),Set(Atom(sbt.plugins.JvmPlugin)))
[debug] Clause(Atom(sbt.plugins.CorePlugin),Set(Atom(sbt.plugins.IvyPlugin)))
[debug] Clause(Atom(sbt.plugins.IvyPlugin),Set(Atom(sbt.plugins.JvmPlugin)))
[debug] Clause(Atom(sbt.plugins.JvmPlugin),Set(Atom(sbt.plugins.SemanticdbPlugin)))
[debug] Clause(Atom(sbt.plugins.JvmPlugin),Set(Atom(sbt.plugins.JUnitXmlReportPlugin)))
[debug] Clause(Atom(sbt.plugins.CorePlugin),Set(Atom(sbt.plugins.Giter8TemplatePlugin)))
[debug] Clause(Atom(sbt.plugins.JvmPlugin),Set(Atom(sbt.plugins.MiniDependencyTreePlugin))))
[debug]   :: deduced result: Matched(sbt.plugins.CorePlugin,sbt.plugins.Giter8TemplatePlugin,sbt.plugins.IvyPlugin,sbt.plugins.JvmPlugin,sbt.plugins.MiniDependencyTreePlugin,sbt.plugins.JUnitXmlReportPlugin,sbt.plugins.SemanticdbPlugin)
[debug] Plugins.deducer#function took 0.7774 ms
[info] loading settings for project test-build from idea.sbt ...
[debug]               Load.resolveProject(test-build) took 1.452ms
[debug]             Load.loadTransitive: finalizeProject(Project(id test-build, base: C:\Users\KRyzhov\IdeaProjects\test\project, plugins: List(<none>))) took 2.565699ms
[debug] [Loading] Done in C:\Users\KRyzhov\IdeaProjects\test\project, returning: (test-build)
[debug]           Load.loadUnit: loadedProjectsRaw took 20.678401ms
[debug]           Load.loadUnit: cleanEvalClasses took 2.156ms
[debug]         Load.loadUnit(file:/C:/Users/KRyzhov/IdeaProjects/test/project/, ...) took 48.555001ms
[debug]       Load.apply: load took 49.7403ms
[debug]       Load.apply: resolveProjects took 0.0808ms
[debug]       Load.apply: finalTransforms took 3.667501ms
[debug]       Load.apply: config.delegates took 0.2485ms
[debug]       Load.apply: Def.make(settings)... took 210.152601ms
[debug]       Load.apply: structureIndex took 52.0447ms
[debug]       Load.apply: mkStreams took 0.0021ms
[info] loading project definition from C:\Users\KRyzhov\IdeaProjects\test\project
[debug] Running task... Cancel: Signal, check cycles: false, forcegc: true
[debug]     Load.loadUnit: plugins took 802.762899ms
[debug]     Load.loadUnit: defsScala took 0.0021ms
[debug] [Loading] Scanning directory C:\Users\KRyzhov\IdeaProjects\test
[debug]       Load.loadUnit: mkEval took 0.6647ms
[debug] [Loading] Found non-root projects 
[debug] [Loading] Done in C:\Users\KRyzhov\IdeaProjects\test, returning: ()
[debug] deducing auto plugins based on known facts Set(Atom(sbt.plugins.CorePlugin)) and clauses Clauses(Clause(Atom(sbt.plugins.JvmPlugin),Set(Atom(sbt.plugins.IvyPlugin)))
[debug] Clause(Atom(sbt.ScriptedPlugin),Set(Atom(sbt.plugins.JvmPlugin)))
[debug] Clause(Atom(sbt.plugins.SbtPlugin),Set(Atom(sbt.ScriptedPlugin)))
[debug] Clause(Atom(sbt.plugins.SemanticdbPlugin),Set(Atom(sbt.plugins.JvmPlugin)))
[debug] Clause(Atom(sbt.plugins.JUnitXmlReportPlugin),Set(Atom(sbt.plugins.JvmPlugin)))
[debug] Clause(Atom(sbt.plugins.MiniDependencyTreePlugin),Set(Atom(sbt.plugins.JvmPlugin)))
[debug] Clause(Atom(org.jetbrains.sbt.StructurePlugin),Set(Atom(sbt.plugins.JvmPlugin)))
[debug] Clause(Atom(org.jetbrains.sbt.IdeaShellPlugin),Set(Atom(sbt.plugins.JvmPlugin)))
[debug] Clause(Atom(org.jetbrains.sbt.indices.SbtIntellijIndicesPlugin),Set(Atom(sbt.plugins.JvmPlugin)))
[debug] Clause(Atom(sbt.plugins.CorePlugin),Set(Atom(sbt.plugins.IvyPlugin)))
[debug] Clause(Atom(sbt.plugins.IvyPlugin),Set(Atom(sbt.plugins.JvmPlugin)))
[debug] Clause(Atom(sbt.plugins.JvmPlugin),Set(Atom(sbt.plugins.SemanticdbPlugin)))
[debug] Clause(Atom(sbt.plugins.JvmPlugin),Set(Atom(sbt.plugins.JUnitXmlReportPlugin)))
[debug] Clause(Atom(sbt.plugins.CorePlugin),Set(Atom(sbt.plugins.Giter8TemplatePlugin)))
[debug] Clause(Atom(sbt.plugins.JvmPlugin),Set(Atom(sbt.plugins.MiniDependencyTreePlugin)))
[debug] Clause(Atom(sbt.plugins.JvmPlugin),Set(Atom(org.jetbrains.sbt.StructurePlugin)))
[debug] Clause(Atom(sbt.plugins.JvmPlugin),Set(Atom(org.jetbrains.sbt.IdeaShellPlugin)))
[debug] Clause(And(Set(Atom(sbt.plugins.CorePlugin), Atom(sbt.plugins.JvmPlugin))),Set(Atom(org.jetbrains.sbt.indices.SbtIntellijIndicesPlugin))))
[debug]   :: deduced result: Matched(sbt.plugins.CorePlugin,sbt.plugins.Giter8TemplatePlugin,sbt.plugins.IvyPlugin,sbt.plugins.JvmPlugin,sbt.plugins.SemanticdbPlugin,org.jetbrains.sbt.indices.SbtIntellijIndicesPlugin,sbt.plugins.JUnitXmlReportPlugin,org.jetbrains.sbt.IdeaShellPlugin,org.jetbrains.sbt.StructurePlugin,sbt.plugins.MiniDependencyTreePlugin)
[debug] Plugins.deducer#function took 2.7757 ms
[info] loading settings for project test from build.sbt,plugins.sbt ...
[debug]         Load.resolveProject(test) took 53.623101ms
[debug]       Load.loadTransitive: finalizeProject(Project(id test, base: C:\Users\KRyzhov\IdeaProjects\test, plugins: List(<none>))) took 57.138ms
[debug] [Loading] Done in C:\Users\KRyzhov\IdeaProjects\test, returning: (test)
[debug]     Load.loadUnit: loadedProjectsRaw took 180.693899ms
[debug]     Load.loadUnit: cleanEvalClasses took 16.500801ms
[debug]   Load.loadUnit(file:/C:/Users/KRyzhov/IdeaProjects/test/, ...) took 1000.6663ms
[debug] Load.apply: load took 1002.1882ms
[debug] Load.apply: resolveProjects took 0.0903ms
[debug] Load.apply: finalTransforms took 18.6228ms
[debug] Load.apply: config.delegates took 0.330999ms
[debug] Load.apply: Def.make(settings)... took 312.439401ms
[debug] Load.apply: structureIndex took 36.5208ms
[debug] Load.apply: mkStreams took 0.003301ms
[warn] Discarding 1 session setting.  Use 'session save' to persist session settings.
[info] set current project to test (in build file:/C:/Users/KRyzhov/IdeaProjects/test/)
[debug] > Exec(sbtPopOnFailure, None, None)
[debug] > Exec(resumeFromFailure, None, None)
[debug] > Exec(set _root_.org.jetbrains.sbt.StructureKeys.sbtStructureOptions in Global := "download resolveClassifiers resolveSbtClassifiers", None, None)
[info] Defining Global / sbtStructureOptions
[info] The new value will be used by Global / ssOptions
[debug] Defining 
[debug] 	Global / sbtStructureOptions
[debug] 
[debug] The new value will be used by 
[debug] 	Global / ssOptions
[info] Reapplying settings...
[info] set current project to test (in build file:/C:/Users/KRyzhov/IdeaProjects/test/)
[debug] > Exec(*/*:dumpStructureTo C:/Users/KRyzhov/AppData/Local/Temp/sbt-structure.xml, None, None)
[debug] Evaluating tasks: Global / dumpStructureTo
[warn] sbt 0.13 shell syntax is deprecated; use slash syntax instead: Global / dumpStructureTo
[debug] Running task... Cancel: Signal, check cycles: false, forcegc: true
[warn] Unrecognized repository Scala Plugin Bundled Repository, ignoring it
[warn] Unrecognized repository Scala Plugin Bundled Repository, ignoring it
[info] Writing structure to C:\Users\KRyzhov\AppData\Local\Temp\sbt-structure.xml...
[info] Done.
[success] Total time: 3 s, completed 26.11.2021 10:57:53
[debug] > Exec(session clear-all, None, None)
[info] Reapplying settings...
[info] set current project to test (in build file:/C:/Users/KRyzhov/IdeaProjects/test/)
[debug] > Exec(set ideaPort in Global := 55764, None, None)
[info] Defining Global / ideaPort
[info] The new value will be used by Compile / compile, Test / compile
[debug] Defining 
[debug] 	Global / ideaPort
[debug] 
[debug] The new value will be used by 
[debug] 	Compile / compile
[debug] 	Test / compile
[info] Reapplying settings...
[info] set current project to test (in build file:/C:/Users/KRyzhov/IdeaProjects/test/)
[debug] > Exec(idea-shell, None, None)
[debug] > Exec(, None, None)
[debug] > Exec(idea-shell, None, None)
